<?xml version="1.0" encoding="UTF-8"?>
<testng-results ignored="0" total="2" passed="2" failed="0" skipped="0">
  <reporter-output>
  </reporter-output>
  <suite started-at="2023-12-06T14:16:34 IST" name="Suite" finished-at="2023-12-06T14:17:08 IST" duration-ms="34712">
    <groups>
    </groups>
    <test started-at="2023-12-06T14:16:34 IST" name="Test" finished-at="2023-12-06T14:17:08 IST" duration-ms="34712">
      <class name="question_No_5.Question4_TestNGAnswerWithPrioirty">
        <test-method is-config="true" signature="setup()[pri:0, instance:question_No_5.Question4_TestNGAnswerWithPrioirty@7d900ecf]" started-at="2023-12-06T14:16:46 IST" name="setup" finished-at="2023-12-06T14:16:54 IST" duration-ms="8300" status="PASS">
          <reporter-output>
          </reporter-output>
        </test-method> <!-- setup -->
        <test-method signature="verifyFirstnameAndLastName()[pri:1, instance:question_No_5.Question4_TestNGAnswerWithPrioirty@7d900ecf]" started-at="2023-12-06T14:17:03 IST" name="verifyFirstnameAndLastName" finished-at="2023-12-06T14:17:08 IST" duration-ms="5712" status="PASS">
          <reporter-output>
          </reporter-output>
        </test-method> <!-- verifyFirstnameAndLastName -->
        <test-method is-config="true" signature="tear()[pri:0, instance:question_No_5.Question4_TestNGAnswerWithPrioirty@7d900ecf]" started-at="2023-12-06T14:17:08 IST" name="tear" finished-at="2023-12-06T14:17:08 IST" duration-ms="0" status="PASS">
          <reporter-output>
          </reporter-output>
        </test-method> <!-- tear -->
      </class> <!-- question_No_5.Question4_TestNGAnswerWithPrioirty -->
      <class name="question_No_5.Question3_TestNGImplementation">
        <test-method is-config="true" signature="setup()[pri:0, instance:question_No_5.Question3_TestNGImplementation@4bdeaabb]" started-at="2023-12-06T14:16:34 IST" name="setup" finished-at="2023-12-06T14:16:46 IST" duration-ms="12021" status="PASS">
          <reporter-output>
          </reporter-output>
        </test-method> <!-- setup -->
        <test-method signature="verifyURL()[pri:1, instance:question_No_5.Question3_TestNGImplementation@4bdeaabb]" started-at="2023-12-06T14:16:54 IST" name="verifyURL" finished-at="2023-12-06T14:17:03 IST" duration-ms="8596" status="PASS">
          <reporter-output>
          </reporter-output>
        </test-method> <!-- verifyURL -->
        <test-method is-config="true" signature="tear()[pri:0, instance:question_No_5.Question3_TestNGImplementation@4bdeaabb]" started-at="2023-12-06T14:17:08 IST" name="tear" finished-at="2023-12-06T14:17:08 IST" duration-ms="0" status="PASS">
          <reporter-output>
          </reporter-output>
        </test-method> <!-- tear -->
      </class> <!-- question_No_5.Question3_TestNGImplementation -->
    </test> <!-- Test -->
  </suite> <!-- Suite -->
</testng-results>
